<?xml version="1.0" encoding="UTF-8"?>
<!-- Generated by org.testng.reporters.JUnitReportReporter -->
<testsuite hostname="BLRCND50004561" failures="0" tests="1" name="tests.testcases" time="2.961" errors="0" timestamp="2021-10-16T17:14:43 IST" skipped="0">
  <testcase classname="tests.testcases" name="validAllUseremails" time="2.961"/>
  <system-out/>
</testsuite> <!-- tests.testcases -->
