<?xml version="1.0" encoding="UTF-8"?>
<!-- Generated by org.testng.reporters.JUnitReportReporter -->
<testsuite hostname="BLRCND50004561" failures="0" tests="1" name="tests.testcases" time="2.352" errors="0" timestamp="2021-10-15T19:58:51 IST" skipped="0">
  <testcase classname="tests.testcases" name="getUserid" time="2.352"/>
  <system-out/>
</testsuite> <!-- tests.testcases -->
